2026-04-28 18:53:28,038 INFO o.a.j.u.JMeterUtils: Setting Locale to en_EN
2026-04-28 18:53:28,058 INFO o.a.j.JMeter: Loading user properties from: /opt/homebrew/Cellar/jmeter/5.6.3/libexec/bin/user.properties
2026-04-28 18:53:28,059 INFO o.a.j.JMeter: Loading system properties from: /opt/homebrew/Cellar/jmeter/5.6.3/libexec/bin/system.properties
2026-04-28 18:53:28,065 INFO o.a.j.JMeter: Copyright (c) 1998-2024 The Apache Software Foundation
2026-04-28 18:53:28,065 INFO o.a.j.JMeter: Version 5.6.3
2026-04-28 18:53:28,065 INFO o.a.j.JMeter: java.version=21.0.11
2026-04-28 18:53:28,065 INFO o.a.j.JMeter: java.vm.name=OpenJDK 64-Bit Server VM
2026-04-28 18:53:28,065 INFO o.a.j.JMeter: os.name=Mac OS X
2026-04-28 18:53:28,065 INFO o.a.j.JMeter: os.arch=aarch64
2026-04-28 18:53:28,065 INFO o.a.j.JMeter: os.version=14.4.1
2026-04-28 18:53:28,065 INFO o.a.j.JMeter: file.encoding=UTF-8
2026-04-28 18:53:28,065 INFO o.a.j.JMeter: java.awt.headless=true
2026-04-28 18:53:28,065 INFO o.a.j.JMeter: Max memory     =1073741824
2026-04-28 18:53:28,065 INFO o.a.j.JMeter: Available Processors =8
2026-04-28 18:53:28,078 INFO o.a.j.JMeter: Default Locale=English (EN)
2026-04-28 18:53:28,078 INFO o.a.j.JMeter: JMeter  Locale=English (EN)
2026-04-28 18:53:28,078 INFO o.a.j.JMeter: JMeterHome=/opt/homebrew/Cellar/jmeter/5.6.3/libexec
2026-04-28 18:53:28,078 INFO o.a.j.JMeter: user.dir  =/Users/radithya/Downloads/exercise-profiling
2026-04-28 18:53:28,078 INFO o.a.j.JMeter: PWD       =/Users/radithya/Downloads/exercise-profiling
2026-04-28 18:53:28,081 INFO o.a.j.JMeter: IP: 127.0.0.1 Name: Radithyas-MacBook-Air.local FullName: localhost
2026-04-28 18:53:28,093 INFO o.a.j.s.FileServer: Default base='/Users/radithya/Downloads/exercise-profiling'
2026-04-28 18:53:28,094 INFO o.a.j.s.FileServer: Set new base='/Users/radithya/Downloads/exercise-profiling'
2026-04-28 18:53:28,230 INFO o.a.j.s.SaveService: Testplan (JMX) version: 2.2. Testlog (JTL) version: 2.2
2026-04-28 18:53:28,259 INFO o.a.j.s.SaveService: Using SaveService properties version 5.0
2026-04-28 18:53:28,261 INFO o.a.j.s.SaveService: Using SaveService properties file encoding UTF-8
2026-04-28 18:53:28,263 INFO o.a.j.s.SaveService: Loading file: test_plan_3.jmx
2026-04-28 18:53:28,308 INFO o.a.j.p.h.s.HTTPSamplerBase: Parser for text/html is org.apache.jmeter.protocol.http.parser.LagartoBasedHtmlParser
2026-04-28 18:53:28,308 INFO o.a.j.p.h.s.HTTPSamplerBase: Parser for application/xhtml+xml is org.apache.jmeter.protocol.http.parser.LagartoBasedHtmlParser
2026-04-28 18:53:28,308 INFO o.a.j.p.h.s.HTTPSamplerBase: Parser for application/xml is org.apache.jmeter.protocol.http.parser.LagartoBasedHtmlParser
2026-04-28 18:53:28,308 INFO o.a.j.p.h.s.HTTPSamplerBase: Parser for text/xml is org.apache.jmeter.protocol.http.parser.LagartoBasedHtmlParser
2026-04-28 18:53:28,308 INFO o.a.j.p.h.s.HTTPSamplerBase: Parser for text/vnd.wap.wml is org.apache.jmeter.protocol.http.parser.RegexpHTMLParser
2026-04-28 18:53:28,309 INFO o.a.j.p.h.s.HTTPSamplerBase: Parser for text/css is org.apache.jmeter.protocol.http.parser.CssParser
2026-04-28 18:53:28,330 INFO o.a.j.JMeter: Creating summariser <summary>
2026-04-28 18:53:28,340 INFO o.a.j.e.StandardJMeterEngine: Running the test!
2026-04-28 18:53:28,340 INFO o.a.j.s.SampleEvent: List of sample_variables: []
2026-04-28 18:53:28,341 INFO o.a.j.s.SampleEvent: List of sample_variables: []
2026-04-28 18:53:28,344 INFO o.a.j.e.u.CompoundVariable: Note: Function class names must contain the string: '.functions.'
2026-04-28 18:53:28,344 INFO o.a.j.e.u.CompoundVariable: Note: Function class names must not contain the string: '.gui.'
2026-04-28 18:53:28,387 INFO o.a.j.r.ClassFinder: Will scan jar /opt/homebrew/Cellar/jmeter/5.6.3/libexec/lib/ext/jmeter-plugins-manager-1.9.jar with filter ExtendsClassFilter [parents=[interface org.apache.jmeter.functions.Function], inner=false, contains=null, notContains=null]. Consider exposing JMeter plugins via META-INF/services, and add JMeter-Skip-Class-Scanning=true manifest attribute so JMeter can skip classfile scanning
2026-04-28 18:53:28,462 INFO o.a.j.JMeter: Running test (1777377208462)
2026-04-28 18:53:28,475 INFO o.a.j.e.StandardJMeterEngine: Starting ThreadGroup: 1 : Thread Group
2026-04-28 18:53:28,475 INFO o.a.j.e.StandardJMeterEngine: Starting 10 threads for group Thread Group.
2026-04-28 18:53:28,475 INFO o.a.j.e.StandardJMeterEngine: Thread will continue on error
2026-04-28 18:53:28,475 INFO o.a.j.t.ThreadGroup: Starting thread group... number=1 threads=10 ramp-up=1 delayedStart=false
2026-04-28 18:53:28,481 INFO o.a.j.t.JMeterThread: Thread started: Thread Group 1-1
2026-04-28 18:53:28,481 INFO o.a.j.t.ThreadGroup: Started thread group number 1
2026-04-28 18:53:28,482 INFO o.a.j.e.StandardJMeterEngine: All thread groups have been started
2026-04-28 18:53:28,495 INFO o.a.j.p.h.s.HTTPHCAbstractImpl: Local host = Radithyas-MacBook-Air.local
2026-04-28 18:53:28,499 INFO o.a.j.p.h.s.HTTPHC4Impl: HTTP request retry count = 0
2026-04-28 18:53:28,500 INFO o.a.j.s.SampleResult: Note: Sample TimeStamps are START times
2026-04-28 18:53:28,500 INFO o.a.j.s.SampleResult: sampleresult.default.encoding is set to UTF-8
2026-04-28 18:53:28,500 INFO o.a.j.s.SampleResult: sampleresult.useNanoTime=true
2026-04-28 18:53:28,500 INFO o.a.j.s.SampleResult: sampleresult.nanoThreadSleep=5000
2026-04-28 18:53:28,582 INFO o.a.j.t.JMeterThread: Thread started: Thread Group 1-2
2026-04-28 18:53:28,679 INFO o.a.j.t.JMeterThread: Thread started: Thread Group 1-3
2026-04-28 18:53:28,777 INFO o.a.j.t.JMeterThread: Thread started: Thread Group 1-4
2026-04-28 18:53:28,880 INFO o.a.j.t.JMeterThread: Thread started: Thread Group 1-5
2026-04-28 18:53:28,930 INFO o.a.j.t.JMeterThread: Thread is done: Thread Group 1-3
2026-04-28 18:53:28,930 INFO o.a.j.t.JMeterThread: Thread finished: Thread Group 1-3
2026-04-28 18:53:28,933 INFO o.a.j.t.JMeterThread: Thread is done: Thread Group 1-4
2026-04-28 18:53:28,933 INFO o.a.j.t.JMeterThread: Thread is done: Thread Group 1-2
2026-04-28 18:53:28,933 INFO o.a.j.t.JMeterThread: Thread finished: Thread Group 1-4
2026-04-28 18:53:28,933 INFO o.a.j.t.JMeterThread: Thread finished: Thread Group 1-2
2026-04-28 18:53:28,938 INFO o.a.j.t.JMeterThread: Thread is done: Thread Group 1-1
2026-04-28 18:53:28,938 INFO o.a.j.t.JMeterThread: Thread finished: Thread Group 1-1
2026-04-28 18:53:28,978 INFO o.a.j.t.JMeterThread: Thread started: Thread Group 1-6
2026-04-28 18:53:29,001 INFO o.a.j.t.JMeterThread: Thread is done: Thread Group 1-5
2026-04-28 18:53:29,002 INFO o.a.j.t.JMeterThread: Thread finished: Thread Group 1-5
2026-04-28 18:53:29,075 INFO o.a.j.t.JMeterThread: Thread is done: Thread Group 1-6
2026-04-28 18:53:29,075 INFO o.a.j.t.JMeterThread: Thread finished: Thread Group 1-6
2026-04-28 18:53:29,081 INFO o.a.j.t.JMeterThread: Thread started: Thread Group 1-7
2026-04-28 18:53:29,141 INFO o.a.j.t.JMeterThread: Thread is done: Thread Group 1-7
2026-04-28 18:53:29,141 INFO o.a.j.t.JMeterThread: Thread finished: Thread Group 1-7
2026-04-28 18:53:29,178 INFO o.a.j.t.JMeterThread: Thread started: Thread Group 1-8
2026-04-28 18:53:29,238 INFO o.a.j.t.JMeterThread: Thread is done: Thread Group 1-8
2026-04-28 18:53:29,238 INFO o.a.j.t.JMeterThread: Thread finished: Thread Group 1-8
2026-04-28 18:53:29,281 INFO o.a.j.t.JMeterThread: Thread started: Thread Group 1-9
2026-04-28 18:53:29,372 INFO o.a.j.t.JMeterThread: Thread is done: Thread Group 1-9
2026-04-28 18:53:29,372 INFO o.a.j.t.JMeterThread: Thread finished: Thread Group 1-9
2026-04-28 18:53:29,381 INFO o.a.j.t.JMeterThread: Thread started: Thread Group 1-10
2026-04-28 18:53:29,445 INFO o.a.j.t.JMeterThread: Thread is done: Thread Group 1-10
2026-04-28 18:53:29,445 INFO o.a.j.t.JMeterThread: Thread finished: Thread Group 1-10
2026-04-28 18:53:29,445 INFO o.a.j.e.StandardJMeterEngine: Notifying test listeners of end of test
2026-04-28 18:53:29,447 INFO o.a.j.r.Summariser: summary =     30 in 00:00:01 =   30.5/s Avg:    53 Min:     2 Max:   189 Err:     0 (0.00%)
